[2024-07-05 09:40:46,548: INFO: common: yaml file: config\config.yaml loaded successfully]
[2024-07-05 09:40:46,550: INFO: common: yaml file: params.yaml loaded successfully]
[2024-07-05 09:40:46,551: INFO: common: created directory at: artifacts]
[2024-07-05 09:40:46,553: INFO: common: created directory at: artifacts/data_ingestion]
[2024-07-05 09:41:43,018: INFO: common: yaml file: config\config.yaml loaded successfully]
[2024-07-05 09:41:43,020: INFO: common: yaml file: params.yaml loaded successfully]
[2024-07-05 09:41:43,021: INFO: common: created directory at: artifacts]
[2024-07-05 09:41:43,023: INFO: common: created directory at: artifacts/data_ingestion]
[2024-07-05 09:46:27,463: INFO: common: yaml file: config\config.yaml loaded successfully]
[2024-07-05 09:46:27,751: INFO: common: yaml file: params.yaml loaded successfully]
[2024-07-05 09:46:27,753: INFO: common: created directory at: artifacts]
[2024-07-05 09:46:27,754: INFO: common: created directory at: artifacts/data_ingestion]
[2024-07-05 09:47:31,642: INFO: common: yaml file: config\config.yaml loaded successfully]
[2024-07-05 09:47:31,644: INFO: common: yaml file: params.yaml loaded successfully]
[2024-07-05 09:47:31,646: INFO: common: created directory at: artifacts]
[2024-07-05 09:47:31,647: INFO: common: created directory at: artifacts/data_ingestion]
[2024-07-05 09:47:32,055: INFO: 981081322: File copied to artifacts/data_ingestion/data.zip from dataset.zip]
[2024-07-05 10:05:51,048: INFO: main: >>>>>> stage Data Ingestion stage started <<<<<<]
[2024-07-05 10:05:51,051: INFO: common: yaml file: config\config.yaml loaded successfully]
[2024-07-05 10:05:51,051: INFO: common: yaml file: params.yaml loaded successfully]
[2024-07-05 10:05:51,052: INFO: common: created directory at: artifacts]
[2024-07-05 10:05:51,053: INFO: common: created directory at: artifacts/data_ingestion]
[2024-07-05 10:05:51,487: INFO: data_ingestion: File copied to artifacts/data_ingestion/data.zip from dataset.zip]
[2024-07-05 10:06:25,433: INFO: main: >>>>>> stage Data Ingestion stage completed <<<<<<

x==========x]
[2024-07-06 14:48:12,005: INFO: common: yaml file: config\config.yaml loaded successfully]
[2024-07-06 14:48:12,011: INFO: common: yaml file: params.yaml loaded successfully]
[2024-07-06 14:48:12,013: INFO: common: created directory at: artifacts]
[2024-07-06 14:48:12,015: INFO: common: created directory at: artifacts/prepare_base_model]
[2024-07-06 14:48:12,498: WARNING: saving_api: You are saving your model as an HDF5 file via `model.save()` or `keras.saving.save_model(model)`. This file format is considered legacy. We recommend using instead the native Keras format, e.g. `model.save('my_model.keras')` or `keras.saving.save_model(model, 'my_model.keras')`. ]
[2024-07-06 14:48:12,657: WARNING: saving_api: You are saving your model as an HDF5 file via `model.save()` or `keras.saving.save_model(model)`. This file format is considered legacy. We recommend using instead the native Keras format, e.g. `model.save('my_model.keras')` or `keras.saving.save_model(model, 'my_model.keras')`. ]
[2024-07-06 15:08:24,737: INFO: main: >>>>>> stage Data Ingestion stage started <<<<<<]
[2024-07-06 15:08:24,739: INFO: common: yaml file: config\config.yaml loaded successfully]
[2024-07-06 15:08:24,741: INFO: common: yaml file: params.yaml loaded successfully]
[2024-07-06 15:08:24,756: INFO: common: created directory at: artifacts]
[2024-07-06 15:08:24,756: INFO: common: created directory at: artifacts/data_ingestion]
[2024-07-06 15:08:37,389: INFO: data_ingestion: File copied to artifacts/data_ingestion/data.zip from dataset.zip]
[2024-07-06 15:09:18,224: INFO: main: >>>>>> stage Data Ingestion stage completed <<<<<<

x==========x]
[2024-07-06 15:17:42,413: INFO: main: >>>>>> stage Data Ingestion stage started <<<<<<]
[2024-07-06 15:17:42,416: INFO: common: yaml file: config\config.yaml loaded successfully]
[2024-07-06 15:17:42,418: INFO: common: yaml file: params.yaml loaded successfully]
[2024-07-06 15:17:42,419: INFO: common: created directory at: artifacts]
[2024-07-06 15:17:42,420: INFO: common: created directory at: artifacts/data_ingestion]
[2024-07-06 15:17:45,471: INFO: data_ingestion: File copied to artifacts/data_ingestion/data.zip from dataset.zip]
[2024-07-06 15:18:18,994: INFO: main: >>>>>> stage Data Ingestion stage completed <<<<<<

x==========x]
[2024-07-06 15:18:18,995: INFO: main: *******************]
[2024-07-06 15:18:18,995: INFO: main: >>>>>> stage Prepare base model started <<<<<<]
[2024-07-06 15:18:18,998: INFO: common: yaml file: config\config.yaml loaded successfully]
[2024-07-06 15:18:18,999: INFO: common: yaml file: params.yaml loaded successfully]
[2024-07-06 15:18:18,999: INFO: common: created directory at: artifacts]
[2024-07-06 15:18:19,000: INFO: common: created directory at: artifacts/prepare_base_model]
[2024-07-06 15:18:19,312: WARNING: saving_api: You are saving your model as an HDF5 file via `model.save()` or `keras.saving.save_model(model)`. This file format is considered legacy. We recommend using instead the native Keras format, e.g. `model.save('my_model.keras')` or `keras.saving.save_model(model, 'my_model.keras')`. ]
[2024-07-06 15:18:19,485: WARNING: saving_api: You are saving your model as an HDF5 file via `model.save()` or `keras.saving.save_model(model)`. This file format is considered legacy. We recommend using instead the native Keras format, e.g. `model.save('my_model.keras')` or `keras.saving.save_model(model, 'my_model.keras')`. ]
[2024-07-06 15:18:19,565: INFO: main: >>>>>> stage Prepare base model completed <<<<<<

x==========x]
[2024-07-06 15:22:44,701: INFO: common: yaml file: config\config.yaml loaded successfully]
[2024-07-06 15:22:44,704: INFO: common: yaml file: params.yaml loaded successfully]
[2024-07-06 15:22:44,705: INFO: common: created directory at: artifacts]
[2024-07-06 15:22:44,707: INFO: common: created directory at: artifacts\prepare_callbacks\checkpoint_dir]
[2024-07-06 15:22:44,710: INFO: common: created directory at: artifacts\prepare_callbacks\tensorboard_log_dir]
[2024-07-06 15:24:51,964: INFO: main: >>>>>> stage Data Ingestion stage started <<<<<<]
[2024-07-06 15:24:51,971: INFO: common: yaml file: config\config.yaml loaded successfully]
[2024-07-06 15:24:51,973: INFO: common: yaml file: params.yaml loaded successfully]
[2024-07-06 15:24:51,973: INFO: common: created directory at: artifacts]
[2024-07-06 15:24:51,974: INFO: common: created directory at: artifacts/data_ingestion]
[2024-07-06 15:24:52,391: INFO: data_ingestion: File copied to artifacts/data_ingestion/data.zip from dataset.zip]
[2024-07-06 15:25:26,949: INFO: main: >>>>>> stage Data Ingestion stage completed <<<<<<

x==========x]
[2024-07-06 15:25:26,949: INFO: main: *******************]
[2024-07-06 15:25:26,949: INFO: main: >>>>>> stage Prepare base model started <<<<<<]
[2024-07-06 15:25:26,952: INFO: common: yaml file: config\config.yaml loaded successfully]
[2024-07-06 15:25:26,954: INFO: common: yaml file: params.yaml loaded successfully]
[2024-07-06 15:25:26,954: INFO: common: created directory at: artifacts]
[2024-07-06 15:25:26,955: INFO: common: created directory at: artifacts/prepare_base_model]
[2024-07-06 15:25:28,001: INFO: main: >>>>>> stage Prepare base model completed <<<<<<

x==========x]
[2024-07-06 15:26:07,733: INFO: common: yaml file: config\config.yaml loaded successfully]
[2024-07-06 15:26:07,738: INFO: common: yaml file: params.yaml loaded successfully]
[2024-07-06 15:26:07,740: INFO: common: created directory at: artifacts]
[2024-07-06 15:26:07,742: INFO: common: created directory at: artifacts\prepare_callbacks\checkpoint_dir]
[2024-07-06 15:26:07,744: INFO: common: created directory at: artifacts\prepare_callbacks\tensorboard_log_dir]
[2024-07-06 15:43:25,876: INFO: common: yaml file: config\config.yaml loaded successfully]
[2024-07-06 15:43:25,879: INFO: common: yaml file: params.yaml loaded successfully]
[2024-07-06 15:43:25,880: INFO: common: created directory at: artifacts]
[2024-07-06 15:43:25,881: INFO: common: created directory at: artifacts\prepare_callbacks\checkpoint_dir]
[2024-07-06 15:43:25,882: INFO: common: created directory at: artifacts\prepare_callbacks\tensorboard_log_dir]
[2024-07-06 15:47:11,442: INFO: main: >>>>>> stage Data Ingestion stage started <<<<<<]
[2024-07-06 15:47:11,449: INFO: common: yaml file: config\config.yaml loaded successfully]
[2024-07-06 15:47:11,451: INFO: common: yaml file: params.yaml loaded successfully]
[2024-07-06 15:47:11,452: INFO: common: created directory at: artifacts]
[2024-07-06 15:47:11,452: INFO: common: created directory at: artifacts/data_ingestion]
[2024-07-06 15:47:11,890: INFO: data_ingestion: File copied to artifacts/data_ingestion/data.zip from dataset.zip]
[2024-07-06 15:47:49,515: INFO: main: >>>>>> stage Data Ingestion stage completed <<<<<<

x==========x]
[2024-07-06 15:47:49,515: INFO: main: *******************]
[2024-07-06 15:47:49,515: INFO: main: >>>>>> stage Prepare base model started <<<<<<]
[2024-07-06 15:47:49,518: INFO: common: yaml file: config\config.yaml loaded successfully]
[2024-07-06 15:47:49,520: INFO: common: yaml file: params.yaml loaded successfully]
[2024-07-06 15:47:49,521: INFO: common: created directory at: artifacts]
[2024-07-06 15:47:49,521: INFO: common: created directory at: artifacts/prepare_base_model]
[2024-07-06 15:47:50,544: INFO: main: >>>>>> stage Prepare base model completed <<<<<<

x==========x]
[2024-07-06 15:47:58,556: INFO: common: yaml file: config\config.yaml loaded successfully]
[2024-07-06 15:47:58,558: INFO: common: yaml file: params.yaml loaded successfully]
[2024-07-06 15:47:58,560: INFO: common: created directory at: artifacts]
[2024-07-06 15:47:58,562: INFO: common: created directory at: artifacts\prepare_callbacks\checkpoint_dir]
[2024-07-06 15:47:58,564: INFO: common: created directory at: artifacts\prepare_callbacks\tensorboard_log_dir]
[2024-07-06 15:47:58,565: INFO: common: created directory at: artifacts\training]
[2024-07-06 15:50:26,934: INFO: common: yaml file: config\config.yaml loaded successfully]
[2024-07-06 15:50:26,937: INFO: common: yaml file: params.yaml loaded successfully]
[2024-07-06 15:50:26,939: INFO: common: created directory at: artifacts]
[2024-07-06 15:50:26,940: INFO: common: created directory at: artifacts\prepare_callbacks\checkpoint_dir]
[2024-07-06 15:50:26,942: INFO: common: created directory at: artifacts\prepare_callbacks\tensorboard_log_dir]
[2024-07-06 15:50:26,943: INFO: common: created directory at: artifacts\training]
[2024-07-06 15:51:32,941: INFO: common: yaml file: config\config.yaml loaded successfully]
[2024-07-06 15:51:32,943: INFO: common: yaml file: params.yaml loaded successfully]
[2024-07-06 15:51:32,944: INFO: common: created directory at: artifacts]
[2024-07-06 15:51:32,945: INFO: common: created directory at: artifacts\prepare_callbacks\checkpoint_dir]
[2024-07-06 15:51:32,947: INFO: common: created directory at: artifacts\prepare_callbacks\tensorboard_log_dir]
[2024-07-06 15:51:32,948: INFO: common: created directory at: artifacts\training]
[2024-07-06 15:52:38,466: INFO: common: yaml file: config\config.yaml loaded successfully]
[2024-07-06 15:52:38,471: INFO: common: yaml file: params.yaml loaded successfully]
[2024-07-06 15:52:38,473: INFO: common: created directory at: artifacts]
[2024-07-06 15:52:38,474: INFO: common: created directory at: artifacts\prepare_callbacks\checkpoint_dir]
[2024-07-06 15:52:38,476: INFO: common: created directory at: artifacts\prepare_callbacks\tensorboard_log_dir]
[2024-07-06 15:52:38,478: INFO: common: created directory at: artifacts\training]
[2024-07-06 16:04:16,231: INFO: common: yaml file: config\config.yaml loaded successfully]
[2024-07-06 16:04:16,235: INFO: common: yaml file: params.yaml loaded successfully]
[2024-07-06 16:04:16,237: INFO: common: created directory at: artifacts]
[2024-07-06 16:04:16,239: INFO: common: created directory at: artifacts\prepare_callbacks\checkpoint_dir]
[2024-07-06 16:04:16,240: INFO: common: created directory at: artifacts\prepare_callbacks\tensorboard_log_dir]
[2024-07-06 16:04:16,241: INFO: common: created directory at: artifacts\training]
[2024-07-06 16:11:07,531: INFO: common: yaml file: config\config.yaml loaded successfully]
[2024-07-06 16:11:07,533: INFO: common: yaml file: params.yaml loaded successfully]
[2024-07-06 16:11:07,535: INFO: common: created directory at: artifacts]
[2024-07-06 16:11:07,536: INFO: common: created directory at: artifacts\prepare_callbacks\checkpoint_dir]
[2024-07-06 16:11:07,538: INFO: common: created directory at: artifacts\prepare_callbacks\tensorboard_log_dir]
[2024-07-06 16:11:07,539: INFO: common: created directory at: artifacts\training]
[2024-07-06 16:12:13,812: INFO: common: yaml file: config\config.yaml loaded successfully]
[2024-07-06 16:12:13,815: INFO: common: yaml file: params.yaml loaded successfully]
[2024-07-06 16:12:13,816: INFO: common: created directory at: artifacts]
[2024-07-06 16:12:13,817: INFO: common: created directory at: artifacts\prepare_callbacks\checkpoint_dir]
[2024-07-06 16:12:13,819: INFO: common: created directory at: artifacts\prepare_callbacks\tensorboard_log_dir]
[2024-07-06 16:12:13,821: INFO: common: created directory at: artifacts\training]
[2024-07-06 17:39:46,247: INFO: main: >>>>>> stage Data Ingestion stage started <<<<<<]
[2024-07-06 17:39:46,249: INFO: common: yaml file: config\config.yaml loaded successfully]
[2024-07-06 17:39:46,251: INFO: common: yaml file: params.yaml loaded successfully]
[2024-07-06 17:39:46,252: INFO: common: created directory at: artifacts]
[2024-07-06 17:39:46,252: INFO: common: created directory at: artifacts/data_ingestion]
[2024-07-06 17:39:46,621: INFO: data_ingestion: File copied to artifacts/data_ingestion/data.zip from dataset.zip]
[2024-07-06 17:40:23,207: INFO: main: >>>>>> stage Data Ingestion stage completed <<<<<<

x==========x]
[2024-07-06 17:40:23,208: INFO: main: *******************]
[2024-07-06 17:40:23,208: INFO: main: >>>>>> stage Prepare base model started <<<<<<]
[2024-07-06 17:40:23,211: INFO: common: yaml file: config\config.yaml loaded successfully]
[2024-07-06 17:40:23,213: INFO: common: yaml file: params.yaml loaded successfully]
[2024-07-06 17:40:23,213: INFO: common: created directory at: artifacts]
[2024-07-06 17:40:23,214: INFO: common: created directory at: artifacts/prepare_base_model]
[2024-07-06 17:40:24,202: INFO: main: >>>>>> stage Prepare base model completed <<<<<<

x==========x]
[2024-07-06 17:40:24,203: INFO: main: *******************]
[2024-07-06 17:40:24,203: INFO: main: >>>>>> stage Training started <<<<<<]
[2024-07-06 17:40:24,206: INFO: common: yaml file: config\config.yaml loaded successfully]
[2024-07-06 17:40:24,208: INFO: common: yaml file: params.yaml loaded successfully]
[2024-07-06 17:40:24,208: INFO: common: created directory at: artifacts]
[2024-07-06 17:40:24,209: INFO: common: created directory at: artifacts\prepare_callbacks\checkpoint_dir]
[2024-07-06 17:40:24,209: INFO: common: created directory at: artifacts\prepare_callbacks\tensorboard_log_dir]
[2024-07-06 17:40:24,210: INFO: common: created directory at: artifacts\training]
[2024-07-06 18:18:18,578: INFO: main: >>>>>> stage Training completed <<<<<<

x==========x]
[2024-07-06 20:06:15,887: INFO: common: yaml file: config\config.yaml loaded successfully]
[2024-07-06 20:06:15,890: INFO: common: yaml file: params.yaml loaded successfully]
[2024-07-06 20:06:15,891: INFO: common: created directory at: artifacts]
[2024-07-06 20:07:31,577: INFO: common: yaml file: config\config.yaml loaded successfully]
[2024-07-06 20:07:31,579: INFO: common: yaml file: params.yaml loaded successfully]
[2024-07-06 20:07:31,580: INFO: common: created directory at: artifacts]
[2024-07-06 20:08:42,936: INFO: common: yaml file: config\config.yaml loaded successfully]
[2024-07-06 20:08:42,937: INFO: common: yaml file: params.yaml loaded successfully]
[2024-07-06 20:08:42,939: INFO: common: created directory at: artifacts]
[2024-07-06 21:04:25,640: INFO: common: yaml file: config\config.yaml loaded successfully]
[2024-07-06 21:04:25,643: INFO: common: yaml file: params.yaml loaded successfully]
[2024-07-06 21:04:25,644: INFO: common: created directory at: artifacts]
[2024-07-06 21:06:17,528: INFO: common: yaml file: config\config.yaml loaded successfully]
[2024-07-06 21:06:17,530: INFO: common: yaml file: params.yaml loaded successfully]
[2024-07-06 21:06:17,531: INFO: common: created directory at: artifacts]
[2024-07-06 21:09:02,121: INFO: common: yaml file: config\config.yaml loaded successfully]
[2024-07-06 21:09:02,123: INFO: common: yaml file: params.yaml loaded successfully]
[2024-07-06 21:09:02,125: INFO: common: created directory at: artifacts]
[2024-07-06 22:47:13,131: INFO: common: yaml file: config\config.yaml loaded successfully]
[2024-07-06 22:47:13,133: INFO: common: yaml file: params.yaml loaded successfully]
[2024-07-06 22:47:13,134: INFO: common: created directory at: artifacts]
[2024-07-06 22:49:34,628: INFO: main: >>>>>> stage Data Ingestion stage started <<<<<<]
[2024-07-06 22:49:34,630: INFO: common: yaml file: config\config.yaml loaded successfully]
[2024-07-06 22:49:34,632: INFO: common: yaml file: params.yaml loaded successfully]
[2024-07-06 22:49:34,632: INFO: common: created directory at: artifacts]
[2024-07-06 22:49:34,633: INFO: common: created directory at: artifacts/data_ingestion]
[2024-07-06 22:49:34,998: INFO: data_ingestion: File copied to artifacts/data_ingestion/data.zip from dataset.zip]
[2024-07-06 22:50:10,255: INFO: main: >>>>>> stage Data Ingestion stage completed <<<<<<

x==========x]
[2024-07-06 22:50:10,255: INFO: main: *******************]
[2024-07-06 22:50:10,256: INFO: main: >>>>>> stage Prepare base model started <<<<<<]
[2024-07-06 22:50:10,259: INFO: common: yaml file: config\config.yaml loaded successfully]
[2024-07-06 22:50:10,260: INFO: common: yaml file: params.yaml loaded successfully]
[2024-07-06 22:50:10,261: INFO: common: created directory at: artifacts]
[2024-07-06 22:50:10,261: INFO: common: created directory at: artifacts/prepare_base_model]
[2024-07-06 22:50:11,259: INFO: main: >>>>>> stage Prepare base model completed <<<<<<

x==========x]
[2024-07-06 22:50:11,260: INFO: main: *******************]
[2024-07-06 22:50:11,260: INFO: main: >>>>>> stage Training started <<<<<<]
[2024-07-06 22:50:11,263: INFO: common: yaml file: config\config.yaml loaded successfully]
[2024-07-06 22:50:11,265: INFO: common: yaml file: params.yaml loaded successfully]
[2024-07-06 22:50:11,266: INFO: common: created directory at: artifacts]
[2024-07-06 22:50:11,267: INFO: common: created directory at: artifacts\prepare_callbacks\checkpoint_dir]
[2024-07-06 22:50:11,267: INFO: common: created directory at: artifacts\prepare_callbacks\tensorboard_log_dir]
[2024-07-06 22:50:11,268: INFO: common: created directory at: artifacts\training]
[2024-07-06 23:25:32,126: INFO: main: >>>>>> stage Training completed <<<<<<

x==========x]
[2024-07-06 23:25:32,126: INFO: main: *******************]
[2024-07-06 23:25:32,127: INFO: main: >>>>>> stage Evaluation stage started <<<<<<]
[2024-07-06 23:25:32,136: INFO: common: yaml file: config\config.yaml loaded successfully]
[2024-07-06 23:25:32,144: INFO: common: yaml file: params.yaml loaded successfully]
[2024-07-06 23:25:32,146: INFO: common: created directory at: artifacts]
[2024-07-06 23:34:48,290: INFO: main: >>>>>> stage Evaluation stage completed <<<<<<

x==========x]
[2024-07-07 22:52:14,286: INFO: stage_01_data_ingestion: >>>>>> stage Data Ingestion stage started <<<<<<]
[2024-07-07 22:52:14,303: INFO: common: yaml file: config\config.yaml loaded successfully]
[2024-07-07 22:52:14,313: INFO: common: yaml file: params.yaml loaded successfully]
[2024-07-07 22:52:14,315: INFO: common: created directory at: artifacts]
[2024-07-07 22:52:14,320: INFO: common: created directory at: artifacts/data_ingestion]
[2024-07-07 22:52:14,323: INFO: data_ingestion: File already exists of size: ~ 840563 KB]
[2024-07-07 22:53:11,842: INFO: stage_01_data_ingestion: >>>>>> stage Data Ingestion stage completed <<<<<<

x==========x]
[2024-07-07 23:07:52,617: INFO: common: yaml file: config\config.yaml loaded successfully]
[2024-07-07 23:07:52,620: INFO: common: yaml file: params.yaml loaded successfully]
[2024-07-07 23:07:52,621: INFO: common: created directory at: artifacts]
[2024-07-07 23:07:52,623: INFO: common: created directory at: artifacts/data_ingestion]
[2024-07-07 23:07:52,624: INFO: 981081322: File already exists of size: ~ 840563 KB]
[2024-07-07 23:08:58,360: INFO: common: yaml file: config\config.yaml loaded successfully]
[2024-07-07 23:08:58,362: INFO: common: yaml file: params.yaml loaded successfully]
[2024-07-07 23:08:58,373: INFO: common: created directory at: artifacts]
[2024-07-07 23:08:58,375: INFO: common: created directory at: artifacts/data_ingestion]
[2024-07-07 23:09:11,051: INFO: 981081322: File copied to artifacts/data_ingestion/data.zip from dataset.zip]
[2024-07-07 23:13:06,389: INFO: common: yaml file: config\config.yaml loaded successfully]
[2024-07-07 23:13:06,393: INFO: common: yaml file: params.yaml loaded successfully]
[2024-07-07 23:13:06,405: INFO: common: created directory at: artifacts]
[2024-07-07 23:13:06,407: INFO: common: created directory at: artifacts/data_ingestion]
[2024-07-07 23:13:08,159: INFO: 3607212118: File copied to artifacts/data_ingestion/data.zip from dataset.zip]
[2024-07-07 23:26:00,627: INFO: stage_02_prepare_base_model: *******************]
[2024-07-07 23:26:00,627: INFO: stage_02_prepare_base_model: >>>>>> stage Prepare base model started <<<<<<]
[2024-07-07 23:26:00,630: INFO: common: yaml file: config\config.yaml loaded successfully]
[2024-07-07 23:26:00,632: INFO: common: yaml file: params.yaml loaded successfully]
[2024-07-07 23:26:00,632: INFO: common: created directory at: artifacts]
[2024-07-07 23:26:00,633: INFO: common: created directory at: artifacts/prepare_base_model]
[2024-07-07 23:26:01,614: INFO: stage_02_prepare_base_model: >>>>>> stage Prepare base model completed <<<<<<

x==========x]
[2024-07-07 23:26:29,359: INFO: stage_03_training: *******************]
[2024-07-07 23:26:29,359: INFO: stage_03_training: >>>>>> stage Training started <<<<<<]
[2024-07-07 23:26:29,362: INFO: common: yaml file: config\config.yaml loaded successfully]
[2024-07-07 23:26:29,364: INFO: common: yaml file: params.yaml loaded successfully]
[2024-07-07 23:26:29,365: INFO: common: created directory at: artifacts]
[2024-07-07 23:26:29,366: INFO: common: created directory at: artifacts\prepare_callbacks\checkpoint_dir]
[2024-07-07 23:26:29,367: INFO: common: created directory at: artifacts\prepare_callbacks\tensorboard_log_dir]
[2024-07-07 23:26:29,368: INFO: common: created directory at: artifacts\training]
[2024-07-07 23:54:12,266: INFO: stage_03_training: >>>>>> stage Training completed <<<<<<

x==========x]
[2024-07-07 23:54:57,246: INFO: stage_04_evaluation: *******************]
[2024-07-07 23:54:57,246: INFO: stage_04_evaluation: >>>>>> stage Evaluation stage started <<<<<<]
[2024-07-07 23:54:57,249: INFO: common: yaml file: config\config.yaml loaded successfully]
[2024-07-07 23:54:57,251: INFO: common: yaml file: params.yaml loaded successfully]
[2024-07-07 23:54:57,251: INFO: common: created directory at: artifacts]
[2024-07-08 00:00:14,681: INFO: stage_04_evaluation: >>>>>> stage Evaluation stage completed <<<<<<

x==========x]
